<?xml version="1.0" encoding="UTF-8"?>
<testng-results ignored="0" total="1" passed="1" failed="0" skipped="0">
  <reporter-output>
  </reporter-output>
  <suite started-at="2023-09-05T00:14:18 IST" name="Default suite" finished-at="2023-09-05T00:14:48 IST" duration-ms="29966">
    <groups>
    </groups>
    <test started-at="2023-09-05T00:14:18 IST" name="Default test" finished-at="2023-09-05T00:14:48 IST" duration-ms="29966">
      <class name="edge.youtubelogin">
        <test-method is-config="true" signature="bmethod()[pri:0, instance:edge.youtubelogin@b3ca52e]" started-at="2023-09-05T00:14:18 IST" name="bmethod" finished-at="2023-09-05T00:14:18 IST" duration-ms="34" status="PASS">
          <reporter-output>
          </reporter-output>
        </test-method> <!-- bmethod -->
        <test-method signature="test()[pri:0, instance:edge.youtubelogin@b3ca52e]" started-at="2023-09-05T00:14:18 IST" name="test" finished-at="2023-09-05T00:14:48 IST" duration-ms="29751" status="PASS">
          <reporter-output>
          </reporter-output>
        </test-method> <!-- test -->
        <test-method is-config="true" signature="Amethod()[pri:0, instance:edge.youtubelogin@b3ca52e]" started-at="2023-09-05T00:14:48 IST" name="Amethod" finished-at="2023-09-05T00:14:48 IST" duration-ms="2" status="PASS">
          <reporter-output>
          </reporter-output>
        </test-method> <!-- Amethod -->
      </class> <!-- edge.youtubelogin -->
    </test> <!-- Default test -->
  </suite> <!-- Default suite -->
</testng-results>
